<?xml version="1.0" encoding="UTF-8"?>
<!-- Generated by org.testng.reporters.JUnitReportReporter -->
<testsuite hostname="CORPLPW100314" failures="0" tests="4" name="com.athmatest.qa.testcases.SampleTesting1" time="51.183" errors="0" timestamp="2021-04-16T21:06:26 IST" skipped="0">
  <testcase classname="com.athmatest.qa.testcases.SampleTesting1" name="myFirstTest" time="12.767"/>
  <system-out/>
  <testcase classname="com.athmatest.qa.testcases.SampleTesting1" name="mySecondTest" time="12.701"/>
  <system-out/>
  <testcase classname="com.athmatest.qa.testcases.SampleTesting1" name="myThirdTest" time="12.910"/>
  <system-out/>
  <testcase classname="com.athmatest.qa.testcases.SampleTesting1" name="myFourthTest" time="12.805"/>
  <system-out/>
</testsuite> <!-- com.athmatest.qa.testcases.SampleTesting1 -->
