<?xml version="1.0" encoding="UTF-8"?>
<!-- Generated by org.testng.reporters.JUnitReportReporter -->
<testsuite hostname="CORPLPW100314" failures="0" tests="4" name="com.athmatest.qa.testcases.SampleTesting1" time="48.978" errors="0" timestamp="2021-04-13T12:42:27 IST" skipped="0">
  <testcase classname="com.athmatest.qa.testcases.SampleTesting1" name="myFirstTest" time="9.778"/>
  <system-out/>
  <testcase classname="com.athmatest.qa.testcases.SampleTesting1" name="mySecondTest" time="21.887"/>
  <system-out/>
  <testcase classname="com.athmatest.qa.testcases.SampleTesting1" name="myThirdTest" time="8.698"/>
  <system-out/>
  <testcase classname="com.athmatest.qa.testcases.SampleTesting1" name="myFourthTest" time="8.615"/>
  <system-out/>
</testsuite> <!-- com.athmatest.qa.testcases.SampleTesting1 -->
