<?xml version="1.0" encoding="UTF-8"?>
<!-- Generated by org.testng.reporters.JUnitReportReporter -->
<testsuite hostname="CORPLPW100314" failures="0" tests="5" name="com.athmatest.qa.testcases.NewRegistrationTest" time="180.340" errors="0" timestamp="2021-04-16T10:53:49 IST" skipped="0">
  <testcase classname="com.athmatest.qa.testcases.NewRegistrationTest" name="newRegistration" time="34.173"/>
  <system-out/>
  <testcase classname="com.athmatest.qa.testcases.NewRegistrationTest" name="newRegistration" time="34.715"/>
  <system-out/>
  <testcase classname="com.athmatest.qa.testcases.NewRegistrationTest" name="newRegistration" time="34.606"/>
  <system-out/>
  <testcase classname="com.athmatest.qa.testcases.NewRegistrationTest" name="newRegistration" time="39.637"/>
  <system-out/>
  <testcase classname="com.athmatest.qa.testcases.NewRegistrationTest" name="newRegistration" time="37.209"/>
  <system-out/>
</testsuite> <!-- com.athmatest.qa.testcases.NewRegistrationTest -->
