<?xml version="1.0" encoding="UTF-8"?>
<!-- Generated by org.testng.reporters.JUnitReportReporter -->
<testsuite hostname="CORPLPW100314" failures="0" tests="4" name="com.athmatest.qa.testcases.Sample1Test" time="52.012" errors="0" timestamp="2021-04-20T20:05:15 IST" skipped="0">
  <testcase classname="com.athmatest.qa.testcases.Sample1Test" name="myFirstTest" time="12.468"/>
  <system-out/>
  <testcase classname="com.athmatest.qa.testcases.Sample1Test" name="mySecondTest" time="12.483"/>
  <system-out/>
  <testcase classname="com.athmatest.qa.testcases.Sample1Test" name="myThirdTest" time="12.466"/>
  <system-out/>
  <testcase classname="com.athmatest.qa.testcases.Sample1Test" name="myFourthTest" time="14.595"/>
  <system-out/>
</testsuite> <!-- com.athmatest.qa.testcases.Sample1Test -->
