<?xml version="1.0" encoding="UTF-8"?>
<!-- Generated by org.testng.reporters.JUnitReportReporter -->
<testsuite hostname="CORPLPW100314" failures="0" tests="4" name="com.athmatest.qa.testcases.Sample1Test" time="51.179" errors="0" timestamp="2021-04-17T20:59:53 IST" skipped="0">
  <testcase classname="com.athmatest.qa.testcases.Sample1Test" name="myFirstTest" time="12.755"/>
  <system-out/>
  <testcase classname="com.athmatest.qa.testcases.Sample1Test" name="mySecondTest" time="13.081"/>
  <system-out/>
  <testcase classname="com.athmatest.qa.testcases.Sample1Test" name="myThirdTest" time="12.687"/>
  <system-out/>
  <testcase classname="com.athmatest.qa.testcases.Sample1Test" name="myFourthTest" time="12.656"/>
  <system-out/>
</testsuite> <!-- com.athmatest.qa.testcases.Sample1Test -->
